<?xml version="1.0" encoding="UTF-8"?>
<testsuite name="MyClassTest" tests="3" skipped="0" failures="0" errors="0" timestamp="2023-07-03T14:07:39" hostname="BOOK77-191101" time="0.679">
  <properties/>
  <testcase name="Test1()" classname="MyClassTest" time="0.674"/>
  <testcase name="test2()" classname="MyClassTest" time="0.001"/>
  <testcase name="test3()" classname="MyClassTest" time="0.002"/>
  <system-out><![CDATA[]]></system-out>
  <system-err><![CDATA[]]></system-err>
</testsuite>
