<?xml version="1.0" encoding="UTF-8"?>
<testsuite name="MyClassTest" tests="2" skipped="0" failures="0" errors="0" timestamp="2023-06-30T17:03:06" hostname="BOOK77-191101" time="0.017">
  <properties/>
  <testcase name="test2()" classname="MyClassTest" time="0.015"/>
  <testcase name="test3()" classname="MyClassTest" time="0.001"/>
  <system-out><![CDATA[]]></system-out>
  <system-err><![CDATA[]]></system-err>
</testsuite>
